0 verbose cli /usr/local/bin/node /usr/local/bin/npm
1 info using npm@10.9.0
2 info using node@v18.20.5
3 silly config load:file:/usr/local/lib/node_modules/npm/npmrc
4 silly config load:file:/home/container/.npmrc
5 silly config load:file:/usr/local/etc/npmrc
6 verbose title npm install
7 verbose argv "install"
8 verbose logfile logs-max:10 dir:/home/container/.npm/_logs/2024-11-24T17_48_41_135Z-
9 verbose logfile /home/container/.npm/_logs/2024-11-24T17_48_41_135Z-debug-0.log
10 silly logfile start cleaning logs, removing 1 files
11 silly packumentCache heap:2197815296 maxSize:549453824 maxEntrySize:274726912
12 silly logfile done cleaning log files
13 silly idealTree buildDeps
14 silly reify moves {}
15 silly audit bulk request {
15 silly audit   '@aws-crypto/sha256-browser': [ '5.2.0' ],
15 silly audit   '@smithy/is-array-buffer': [ '2.2.0', '3.0.0' ],
15 silly audit   '@smithy/util-buffer-from': [ '2.2.0', '3.0.0' ],
15 silly audit   '@smithy/util-utf8': [ '2.3.0', '3.0.0' ],
15 silly audit   '@aws-crypto/sha256-js': [ '5.2.0' ],
15 silly audit   '@aws-crypto/supports-web-crypto': [ '5.2.0' ],
15 silly audit   '@aws-crypto/util': [ '5.2.0' ],
15 silly audit   '@aws-sdk/client-cognito-identity': [ '3.637.0' ],
15 silly audit   '@aws-sdk/client-sso': [ '3.637.0' ],
15 silly audit   '@aws-sdk/client-sso-oidc': [ '3.637.0' ],
15 silly audit   '@aws-sdk/client-sts': [ '3.637.0' ],
15 silly audit   '@aws-sdk/core': [ '3.635.0' ],
15 silly audit   '@aws-sdk/credential-provider-cognito-identity': [ '3.637.0' ],
15 silly audit   '@aws-sdk/credential-provider-env': [ '3.620.1' ],
15 silly audit   '@aws-sdk/credential-provider-http': [ '3.635.0' ],
15 silly audit   '@aws-sdk/credential-provider-ini': [ '3.637.0' ],
15 silly audit   '@aws-sdk/credential-provider-node': [ '3.637.0' ],
15 silly audit   '@aws-sdk/credential-provider-process': [ '3.620.1' ],
15 silly audit   '@aws-sdk/credential-provider-sso': [ '3.637.0' ],
15 silly audit   '@aws-sdk/credential-provider-web-identity': [ '3.621.0' ],
15 silly audit   '@aws-sdk/credential-providers': [ '3.637.0' ],
15 silly audit   '@aws-sdk/middleware-host-header': [ '3.620.0' ],
15 silly audit   '@aws-sdk/middleware-logger': [ '3.609.0' ],
15 silly audit   '@aws-sdk/middleware-recursion-detection': [ '3.620.0' ],
15 silly audit   '@aws-sdk/middleware-user-agent': [ '3.637.0' ],
15 silly audit   '@aws-sdk/region-config-resolver': [ '3.614.0' ],
15 silly audit   '@aws-sdk/token-providers': [ '3.614.0' ],
15 silly audit   '@aws-sdk/types': [ '3.609.0' ],
15 silly audit   '@aws-sdk/util-endpoints': [ '3.637.0' ],
15 silly audit   '@aws-sdk/util-locate-window': [ '3.568.0' ],
15 silly audit   '@aws-sdk/util-user-agent-browser': [ '3.609.0' ],
15 silly audit   '@aws-sdk/util-user-agent-node': [ '3.614.0' ],
15 silly audit   '@babel/code-frame': [ '7.12.11' ],
15 silly audit   '@babel/helper-validator-identifier': [ '7.24.7' ],
15 silly audit   '@babel/highlight': [ '7.24.7' ],
15 silly audit   'ansi-styles': [ '3.2.1', '4.3.0' ],
15 silly audit   chalk: [ '2.4.2', '4.1.2' ],
15 silly audit   'color-convert': [ '1.9.3', '2.0.1' ],
15 silly audit   'color-name': [ '1.1.3', '1.1.4' ],
15 silly audit   'escape-string-regexp': [ '1.0.5', '4.0.0' ],
15 silly audit   'has-flag': [ '3.0.0', '4.0.0' ],
15 silly audit   'supports-color': [ '5.5.0', '7.2.0' ],
15 silly audit   '@discordjs/builders': [ '0.6.0', '1.9.0', '0.16.0' ],
15 silly audit   'discord-api-types': [
15 silly audit     '0.22.0', '0.37.97',
15 silly audit     '0.18.1', '0.37.83',
15 silly audit     '0.23.1', '0.37.100',
15 silly audit     '0.36.3', '0.33.5'
15 silly audit   ],
15 silly audit   '@discordjs/collection': [ '0.1.6', '2.1.1', '1.5.3', '0.7.0' ],
15 silly audit   '@discordjs/formatters': [ '0.5.0' ],
15 silly audit   '@discordjs/rest': [ '0.1.0-canary.0', '2.4.0' ],
15 silly audit   '@discordjs/util': [ '1.1.1' ],
15 silly audit   '@discordjs/ws': [ '1.1.1' ],
15 silly audit   '@sapphire/snowflake': [ '3.5.3', '1.3.6' ],
15 silly audit   undici: [ '6.19.8', '5.28.4' ],
15 silly audit   '@eslint/eslintrc': [ '0.4.3' ],
15 silly audit   '@fastify/busboy': [ '2.1.1' ],
15 silly audit   '@humanwhocodes/config-array': [ '0.5.0' ],
15 silly audit   '@humanwhocodes/object-schema': [ '1.2.1' ],
15 silly audit   '@jpbberry/typed-emitter': [ '1.2.1' ],
15 silly audit   '@mongodb-js/saslprep': [ '1.1.8' ],
15 silly audit   '@sapphire/async-queue': [ '1.5.3' ],
15 silly audit   '@sapphire/shapeshift': [ '3.9.7', '4.0.0' ],
15 silly audit   '@sindresorhus/is': [ '4.6.0' ],
15 silly audit   '@smithy/abort-controller': [ '3.1.1' ],
15 silly audit   '@smithy/config-resolver': [ '3.0.5' ],
15 silly audit   '@smithy/core': [ '2.4.0' ],
15 silly audit   '@smithy/credential-provider-imds': [ '3.2.0' ],
15 silly audit   '@smithy/fetch-http-handler': [ '3.2.4' ],
15 silly audit   '@smithy/hash-node': [ '3.0.3' ],
15 silly audit   '@smithy/invalid-dependency': [ '3.0.3' ],
15 silly audit   '@smithy/middleware-content-length': [ '3.0.5' ],
15 silly audit   '@smithy/middleware-endpoint': [ '3.1.0' ],
15 silly audit   '@smithy/middleware-retry': [ '3.0.15' ],
15 silly audit   uuid: [ '9.0.1', '10.0.0' ],
15 silly audit   '@smithy/middleware-serde': [ '3.0.3' ],
15 silly audit   '@smithy/middleware-stack': [ '3.0.3' ],
15 silly audit   '@smithy/node-config-provider': [ '3.1.4' ],
15 silly audit   '@smithy/node-http-handler': [ '3.1.4' ],
15 silly audit   '@smithy/property-provider': [ '3.1.3' ],
15 silly audit   '@smithy/protocol-http': [ '4.1.0' ],
15 silly audit   '@smithy/querystring-builder': [ '3.0.3' ],
15 silly audit   '@smithy/querystring-parser': [ '3.0.3' ],
15 silly audit   '@smithy/service-error-classification': [ '3.0.3' ],
15 silly audit   '@smithy/shared-ini-file-loader': [ '3.1.4' ],
15 silly audit   '@smithy/signature-v4': [ '4.1.0' ],
15 silly audit   '@smithy/smithy-client': [ '3.2.0' ],
15 silly audit   '@smithy/types': [ '3.3.0' ],
15 silly audit   '@smithy/url-parser': [ '3.0.3' ],
15 silly audit   '@smithy/util-base64': [ '3.0.0' ],
15 silly audit   '@smithy/util-body-length-browser': [ '3.0.0' ],
15 silly audit   '@smithy/util-body-length-node': [ '3.0.0' ],
15 silly audit   '@smithy/util-config-provider': [ '3.0.0' ],
15 silly audit   '@smithy/util-defaults-mode-browser': [ '3.0.15' ],
15 silly audit   '@smithy/util-defaults-mode-node': [ '3.0.15' ],
15 silly audit   '@smithy/util-endpoints': [ '2.0.5' ],
15 silly audit   '@smithy/util-hex-encoding': [ '3.0.0' ],
15 silly audit   '@smithy/util-middleware': [ '3.0.3' ],
15 silly audit   '@smithy/util-retry': [ '3.0.3' ],
15 silly audit   '@smithy/util-stream': [ '3.1.3' ],
15 silly audit   '@smithy/util-uri-escape': [ '3.0.0' ],
15 silly audit   '@top-gg/sdk': [ '3.1.6' ],
15 silly audit   '@types/node': [ '22.5.1' ],
15 silly audit   '@types/node-fetch': [ '2.6.11' ],
15 silly audit   '@types/webidl-conversions': [ '7.0.3' ],
15 silly audit   '@types/whatwg-url': [ '8.2.2' ],
15 silly audit   '@types/ws': [ '8.5.12' ],
15 silly audit   '@vladfrangu/async_event_emitter': [ '2.4.6' ],
15 silly audit   'abort-controller': [ '3.0.0' ],
15 silly audit   accepts: [ '1.3.8' ],
15 silly audit   acorn: [ '7.4.1' ],
15 silly audit   'acorn-jsx': [ '5.3.2' ],
15 silly audit   ajv: [ '6.12.6', '8.17.1' ],
15 silly audit   'ansi-colors': [ '4.1.3' ],
15 silly audit   'ansi-regex': [ '5.0.1' ],
15 silly audit   'anti-ip-logger': [ '1.0.1' ],
15 silly audit   argparse: [ '1.0.10' ],
15 silly audit   'array-flatten': [ '1.1.1' ],
15 silly audit   'astral-regex': [ '2.0.0' ],
15 silly audit   async: [ '3.2.6' ],
15 silly audit   asynckit: [ '0.4.0' ],
15 silly audit   axios: [ '1.7.7' ],
15 silly audit   'balanced-match': [ '1.0.2' ],
15 silly audit   'base64-js': [ '1.5.1' ],
15 silly audit   'body-parser': [ '1.20.2' ],
15 silly audit   debug: [ '2.6.9', '4.3.6' ],
15 silly audit   ms: [ '2.0.0', '2.1.2', '2.1.3' ],
15 silly audit   bowser: [ '2.11.0' ],
15 silly audit   'brace-expansion': [ '1.1.11', '2.0.1' ],
15 silly audit   bson: [ '4.7.2' ],
15 silly audit   buffer: [ '5.7.1' ],
15 silly audit   bufferutil: [ '4.0.8' ],
15 silly audit   'byte-size': [ '8.2.1' ],
15 silly audit   bytes: [ '3.1.2' ],
15 silly audit   cacheger: [ '1.1.3' ],
15 silly audit   'call-bind': [ '1.0.7' ],
15 silly audit   callsites: [ '3.1.0' ],
15 silly audit   colors: [ '1.4.0' ],
15 silly audit   'combined-stream': [ '1.0.8' ],
15 silly audit   'concat-map': [ '0.0.1' ],
15 silly audit   'content-disposition': [ '0.5.4' ],
15 silly audit   'content-type': [ '1.0.5' ],
15 silly audit   cookie: [ '0.6.0' ],
15 silly audit   'cookie-signature': [ '1.0.6', '1.0.7' ],
15 silly audit   'cpu-stat': [ '2.0.1' ],
15 silly audit   'cross-spawn': [ '7.0.3' ],
15 silly audit   d: [ '1.0.2' ],
15 silly audit   'danbot-hosting': [ '0.1.6' ],
15 silly audit   'data-uri-to-buffer': [ '4.0.1' ],
15 silly audit   'deep-is': [ '0.1.4' ],
15 silly audit   'define-data-property': [ '1.1.4' ],
15 silly audit   'delayed-stream': [ '1.0.0' ],
15 silly audit   depd: [ '2.0.0' ],
15 silly audit   destroy: [ '1.2.0' ],
15 silly audit   'discord-backup': [ '3.3.2' ],
15 silly audit   'discord.js': [ '14.16.3', '13.17.1' ],
15 silly audit   'discord.js-light': [ '4.10.0' ],
15 silly audit   doctrine: [ '3.0.0' ],
15 silly audit   'dot-prop': [ '6.0.1' ],
15 silly audit   dotenv: [ '16.4.5' ],
15 silly audit   'ee-first': [ '1.1.1' ],
15 silly audit   ejs: [ '3.1.10' ],
15 silly audit   'emoji-regex': [ '8.0.0' ],
15 silly audit   encodeurl: [ '1.0.2' ],
15 silly audit   enquirer: [ '2.4.1' ],
15 silly audit   'es-define-property': [ '1.0.0' ],
15 silly audit   'es-errors': [ '1.3.0' ],
15 silly audit   'es5-ext': [ '0.10.64' ],
15 silly audit   'es6-iterator': [ '2.0.3' ],
15 silly audit   'es6-symbol': [ '3.1.4' ],
15 silly audit   'escape-html': [ '1.0.3' ],
15 silly audit   eslint: [ '7.32.0' ],
15 silly audit   'eslint-scope': [ '5.1.1' ],
15 silly audit   'eslint-utils': [ '2.1.0' ],
15 silly audit   'eslint-visitor-keys': [ '1.3.0', '2.1.0' ],
15 silly audit   esniff: [ '2.0.1' ],
15 silly audit   espree: [ '7.3.1' ],
15 silly audit   esprima: [ '4.0.1' ],
15 silly audit   esquery: [ '1.6.0' ],
15 silly audit   estraverse: [ '5.3.0', '4.3.0' ],
15 silly audit   esrecurse: [ '4.3.0' ],
15 silly audit   esutils: [ '2.0.3' ],
15 silly audit   etag: [ '1.8.1' ],
15 silly audit   'event-emitter': [ '0.3.5' ],
15 silly audit   'event-target-shim': [ '5.0.1' ],
15 silly audit   express: [ '4.19.2' ],
15 silly audit   'express-session': [ '1.18.0' ],
15 silly audit   ext: [ '1.7.0' ],
15 silly audit   'fast-deep-equal': [ '3.1.3' ],
15 silly audit   'fast-json-stable-stringify': [ '2.1.0' ],
15 silly audit   'fast-levenshtein': [ '2.0.6' ],
15 silly audit   'fast-uri': [ '3.0.1' ],
15 silly audit   'fast-xml-parser': [ '4.4.1' ],
15 silly audit   'fetch-blob': [ '3.2.0' ],
15 silly audit   'file-entry-cache': [ '6.0.1' ],
15 silly audit   filelist: [ '1.0.4' ],
15 silly audit   minimatch: [ '5.1.6', '3.1.2' ],
15 silly audit   finalhandler: [ '1.2.0' ],
15 silly audit   'flat-cache': [ '3.2.0' ],
15 silly audit   flatted: [ '3.3.1' ],
15 silly audit   'follow-redirects': [ '1.15.6' ],
15 silly audit   'form-data': [ '4.0.0' ],
15 silly audit   'formdata-polyfill': [ '4.0.10' ],
15 silly audit   forwarded: [ '0.2.0' ],
15 silly audit   fresh: [ '0.5.2' ],
15 silly audit   fs: [ '0.0.1-security' ],
15 silly audit   'fs.realpath': [ '1.0.0' ],
15 silly audit   'function-bind': [ '1.1.2' ],
15 silly audit   'functional-red-black-tree': [ '1.0.1' ],
15 silly audit   'get-intrinsic': [ '1.2.4' ],
15 silly audit   glob: [ '7.2.3' ],
15 silly audit   'glob-parent': [ '5.1.2' ],
15 silly audit   globals: [ '13.24.0' ],
15 silly audit   gopd: [ '1.0.1' ],
15 silly audit   'graceful-fs': [ '4.2.11' ],
15 silly audit   'has-property-descriptors': [ '1.0.2' ],
15 silly audit   'has-proto': [ '1.0.3' ],
15 silly audit   'has-symbols': [ '1.0.3' ],
15 silly audit   hasown: [ '2.0.2' ],
15 silly audit   'html-escape': [ '2.0.0' ],
15 silly audit   'http-errors': [ '2.0.0' ],
15 silly audit   https: [ '1.0.0' ],
15 silly audit   'iconv-lite': [ '0.4.24' ],
15 silly audit   ieee754: [ '1.2.1' ],
15 silly audit   ignore: [ '4.0.6' ],
15 silly audit   'import-fresh': [ '3.3.0' ],
15 silly audit   imurmurhash: [ '0.1.4' ],
15 silly audit   inflight: [ '1.0.6' ],
15 silly audit   inherits: [ '2.0.4', '2.0.3' ],
15 silly audit   'ip-address': [ '9.0.5' ],
15 silly audit   'sprintf-js': [ '1.1.3', '1.0.3' ],
15 silly audit   'ipaddr.js': [ '1.9.1' ],
15 silly audit   'is-extglob': [ '2.1.1' ],
15 silly audit   'is-fullwidth-code-point': [ '3.0.0' ],
15 silly audit   'is-glob': [ '4.0.3' ],
15 silly audit   'is-obj': [ '2.0.0' ],
15 silly audit   'is-typedarray': [ '1.0.0' ],
15 silly audit   isexe: [ '2.0.0' ],
15 silly audit   jake: [ '10.9.2' ],
15 silly audit   'js-tokens': [ '4.0.0' ],
15 silly audit   'js-yaml': [ '3.14.1' ],
15 silly audit   jsbn: [ '1.1.0' ],
15 silly audit   'json-buffer': [ '3.0.1' ],
15 silly audit   'json-schema-traverse': [ '0.4.1', '1.0.0' ],
15 silly audit   'json-stable-stringify-without-jsonify': [ '1.0.1' ],
15 silly audit   kareem: [ '2.5.1' ],
15 silly audit   keyv: [ '4.5.4' ],
15 silly audit   lavacord: [ '1.1.9' ],
15 silly audit   ws: [ '7.5.10', '8.18.0' ],
15 silly audit   levn: [ '0.4.1' ],
15 silly audit   lodash: [ '4.17.21' ],
15 silly audit   'lodash.isequal': [ '4.5.0' ],
15 silly audit   'lodash.merge': [ '4.6.2' ],
15 silly audit   'lodash.snakecase': [ '4.1.1' ],
15 silly audit   'lodash.truncate': [ '4.4.2' ],
15 silly audit   'magic-bytes.js': [ '1.10.0' ],
15 silly audit   'media-typer': [ '0.3.0' ],
15 silly audit   megadb: [ '3.4.0' ],
15 silly audit   'memory-pager': [ '1.5.0' ],
15 silly audit   'merge-descriptors': [ '1.0.1' ],
15 silly audit   methods: [ '1.1.2' ],
15 silly audit   mime: [ '1.6.0' ],
15 silly audit   'mime-db': [ '1.52.0' ],
15 silly audit   'mime-types': [ '2.1.35' ],
15 silly audit   minimist: [ '1.2.8' ],
15 silly audit   mkdirp: [ '0.5.6' ],
15 silly audit   mongodb: [ '4.17.2' ],
15 silly audit   'mongodb-connection-string-url': [ '2.6.0' ],
15 silly audit   mongoose: [ '6.13.0' ],
15 silly audit   mpath: [ '0.9.0' ],
15 silly audit   mquery: [ '4.0.3' ],
15 silly audit   'natural-compare': [ '1.4.0' ],
15 silly audit   negotiator: [ '0.6.3' ],
15 silly audit   'next-tick': [ '1.1.0' ],
15 silly audit   'node-domexception': [ '1.0.0' ],
15 silly audit   'node-fetch': [ '2.7.0', '3.3.2' ],
15 silly audit   tr46: [ '0.0.3', '3.0.0' ],
15 silly audit   'webidl-conversions': [ '3.0.1', '7.0.0' ],
15 silly audit   'whatwg-url': [ '5.0.0', '11.0.0' ],
15 silly audit   'node-gyp-build': [ '4.8.2' ],
15 silly audit   'object-inspect': [ '1.13.2' ],
15 silly audit   'on-finished': [ '2.4.1' ],
15 silly audit   'on-headers': [ '1.0.2' ],
15 silly audit   once: [ '1.4.0' ],
15 silly audit   optionator: [ '0.9.4' ],
15 silly audit   os: [ '0.1.2' ],
15 silly audit   ow: [ '0.27.0' ],
15 silly audit   'type-fest': [ '1.4.0', '0.20.2' ],
15 silly audit   'parent-module': [ '1.0.1' ],
15 silly audit   parseurl: [ '1.3.3' ],
15 silly audit   path: [ '0.12.7' ],
15 silly audit   'path-is-absolute': [ '1.0.1' ],
15 silly audit   'path-key': [ '3.1.1' ],
15 silly audit   'path-to-regexp': [ '0.1.7' ],
15 silly audit   picocolors: [ '1.0.1' ],
15 silly audit   'prelude-ls': [ '1.2.1' ],
15 silly audit   process: [ '0.11.10' ],
15 silly audit   progress: [ '2.0.3' ],
15 silly audit   'proxy-addr': [ '2.0.7' ],
15 silly audit   'proxy-from-env': [ '1.1.0' ],
15 silly audit   punycode: [ '2.3.1' ],
15 silly audit   qs: [ '6.11.0' ],
15 silly audit   'quick.db': [ '9.1.7' ],
15 silly audit   'random-bytes': [ '1.0.0' ],
15 silly audit   'range-parser': [ '1.2.1' ],
15 silly audit   'raw-body': [ '2.5.2' ],
15 silly audit   regexpp: [ '3.2.0' ],
15 silly audit   'require-from-string': [ '2.0.2' ],
15 silly audit   'resolve-from': [ '4.0.0' ],
15 silly audit   rimraf: [ '3.0.2' ],
15 silly audit   'safe-buffer': [ '5.2.1' ],
15 silly audit   'safer-buffer': [ '2.1.2' ],
15 silly audit   semver: [ '7.6.3' ],
15 silly audit   send: [ '0.18.0' ],
15 silly audit   'serve-static': [ '1.15.0' ],
15 silly audit   'set-function-length': [ '1.2.2' ],
15 silly audit   setprototypeof: [ '1.2.0' ],
15 silly audit   'shebang-command': [ '2.0.0' ],
15 silly audit   'shebang-regex': [ '3.0.0' ],
15 silly audit   'side-channel': [ '1.0.6' ],
15 silly audit   sift: [ '16.0.1' ],
15 silly audit   'slice-ansi': [ '4.0.0' ],
15 silly audit   'smart-buffer': [ '4.2.0' ],
15 silly audit   socks: [ '2.8.3' ],
15 silly audit   'sparse-bitfield': [ '3.0.3' ],
15 silly audit   statuses: [ '2.0.1' ],
15 silly audit   'string-width': [ '4.2.3' ],
15 silly audit   'strip-ansi': [ '6.0.1' ],
15 silly audit   'strip-json-comments': [ '3.1.1' ],
15 silly audit   strnum: [ '1.0.5' ],
15 silly audit   table: [ '6.8.2' ],
15 silly audit   'text-table': [ '0.2.0' ],
15 silly audit   toidentifier: [ '1.0.1' ],
15 silly audit   'topgg-autoposter': [ '2.0.2' ],
15 silly audit   'ts-mixer': [ '6.0.4' ],
15 silly audit   tslib: [ '2.7.0' ],
15 silly audit   type: [ '2.7.3' ],
15 silly audit   'type-check': [ '0.4.0' ],
15 silly audit   'type-is': [ '1.6.18' ],
15 silly audit   'typedarray-to-buffer': [ '3.1.5' ],
15 silly audit   ubfb: [ '4.2.4' ],
15 silly audit   'uid-safe': [ '2.1.5' ],
15 silly audit   'undici-types': [ '6.19.8' ],
15 silly audit   unpipe: [ '1.0.0' ],
15 silly audit   'uri-js': [ '4.4.1' ],
15 silly audit   'utf-8-validate': [ '5.0.10' ],
15 silly audit   util: [ '0.10.4' ],
15 silly audit   'utils-merge': [ '1.0.1' ],
15 silly audit   'v8-compile-cache': [ '2.4.0' ],
15 silly audit   'vali-date': [ '1.0.0' ],
15 silly audit   vary: [ '1.1.2' ],
15 silly audit   'web-streams-polyfill': [ '3.3.3' ],
15 silly audit   websocket: [ '1.0.35' ],
15 silly audit   which: [ '2.0.2' ],
15 silly audit   'word-wrap': [ '1.2.5' ],
15 silly audit   wrappy: [ '1.0.2' ],
15 silly audit   yaeti: [ '0.0.6' ]
15 silly audit }
16 http fetch POST 200 https://registry.npmjs.org/-/npm/v1/security/advisories/bulk 324ms
17 silly audit report {
17 silly audit report   'body-parser': [
17 silly audit report     {
17 silly audit report       id: 1099520,
17 silly audit report       url: 'https://github.com/advisories/GHSA-qwcr-r2fm-qrc7',
17 silly audit report       title: 'body-parser vulnerable to denial of service when url encoding is enabled',
17 silly audit report       severity: 'high',
17 silly audit report       vulnerable_versions: '<1.20.3',
17 silly audit report       cwe: [Array],
17 silly audit report       cvss: [Object]
17 silly audit report     }
17 silly audit report   ],
17 silly audit report   cookie: [
17 silly audit report     {
17 silly audit report       id: 1099846,
17 silly audit report       url: 'https://github.com/advisories/GHSA-pxg6-pf52-xh8x',
17 silly audit report       title: 'cookie accepts cookie name, path, and domain with out of bounds characters',
17 silly audit report       severity: 'low',
17 silly audit report       vulnerable_versions: '<0.7.0',
17 silly audit report       cwe: [Array],
17 silly audit report       cvss: [Object]
17 silly audit report     }
17 silly audit report   ],
17 silly audit report   'cross-spawn': [
17 silly audit report     {
17 silly audit report       id: 1100563,
17 silly audit report       url: 'https://github.com/advisories/GHSA-3xgq-45jj-v275',
17 silly audit report       title: 'Regular Expression Denial of Service (ReDoS) in cross-spawn',
17 silly audit report       severity: 'high',
17 silly audit report       vulnerable_versions: '>=7.0.0 <7.0.5',
17 silly audit report       cwe: [Array],
17 silly audit report       cvss: [Object]
17 silly audit report     }
17 silly audit report   ],
17 silly audit report   express: [
17 silly audit report     {
17 silly audit report       id: 1100530,
17 silly audit report       url: 'https://github.com/advisories/GHSA-qw6h-vgh9-j6wx',
17 silly audit report       title: 'express vulnerable to XSS via response.redirect()',
17 silly audit report       severity: 'low',
17 silly audit report       vulnerable_versions: '<4.20.0',
17 silly audit report       cwe: [Array],
17 silly audit report       cvss: [Object]
17 silly audit report     }
17 silly audit report   ],
17 silly audit report   'path-to-regexp': [
17 silly audit report     {
17 silly audit report       id: 1099562,
17 silly audit report       url: 'https://github.com/advisories/GHSA-9wv6-86v2-598j',
17 silly audit report       title: 'path-to-regexp outputs backtracking regular expressions',
17 silly audit report       severity: 'high',
17 silly audit report       vulnerable_versions: '<0.1.10',
17 silly audit report       cwe: [Array],
17 silly audit report       cvss: [Object]
17 silly audit report     }
17 silly audit report   ],
17 silly audit report   send: [
17 silly audit report     {
17 silly audit report       id: 1100526,
17 silly audit report       url: 'https://github.com/advisories/GHSA-m6fv-jmcg-4jfg',
17 silly audit report       title: 'send vulnerable to template injection that can lead to XSS',
17 silly audit report       severity: 'low',
17 silly audit report       vulnerable_versions: '<0.19.0',
17 silly audit report       cwe: [Array],
17 silly audit report       cvss: [Object]
17 silly audit report     }
17 silly audit report   ],
17 silly audit report   'serve-static': [
17 silly audit report     {
17 silly audit report       id: 1100528,
17 silly audit report       url: 'https://github.com/advisories/GHSA-cm22-4g7w-348p',
17 silly audit report       title: 'serve-static vulnerable to template injection that can lead to XSS',
17 silly audit report       severity: 'low',
17 silly audit report       vulnerable_versions: '<1.16.0',
17 silly audit report       cwe: [Array],
17 silly audit report       cvss: [Object]
17 silly audit report     }
17 silly audit report   ]
17 silly audit report }
18 silly packumentCache corgi:https://registry.npmjs.org/body-parser cache-miss
19 silly packumentCache corgi:https://registry.npmjs.org/cookie cache-miss
20 silly packumentCache corgi:https://registry.npmjs.org/cross-spawn cache-miss
21 silly packumentCache corgi:https://registry.npmjs.org/express cache-miss
22 silly packumentCache corgi:https://registry.npmjs.org/path-to-regexp cache-miss
23 silly packumentCache corgi:https://registry.npmjs.org/send cache-miss
24 silly packumentCache corgi:https://registry.npmjs.org/serve-static cache-miss
25 http fetch GET 200 https://registry.npmjs.org/cookie 49ms (cache hit)
26 silly packumentCache corgi:https://registry.npmjs.org/cookie set size:22175 disposed:false
27 http fetch GET 200 https://registry.npmjs.org/cross-spawn 51ms (cache hit)
28 silly packumentCache corgi:https://registry.npmjs.org/cross-spawn set size:44626 disposed:false
29 http fetch GET 200 https://registry.npmjs.org/serve-static 50ms (cache hit)
30 silly packumentCache corgi:https://registry.npmjs.org/serve-static set size:55328 disposed:false
31 http fetch GET 200 https://registry.npmjs.org/express 52ms (cache hit)
32 silly packumentCache corgi:https://registry.npmjs.org/express set size:319191 disposed:false
33 http fetch GET 200 https://registry.npmjs.org/body-parser 58ms (cache hit)
34 silly packumentCache corgi:https://registry.npmjs.org/body-parser set size:72360 disposed:false
35 http fetch GET 200 https://registry.npmjs.org/path-to-regexp 58ms (cache hit)
36 silly packumentCache corgi:https://registry.npmjs.org/path-to-regexp set size:61975 disposed:false
37 http fetch GET 200 https://registry.npmjs.org/send 58ms (cache hit)
38 silly packumentCache corgi:https://registry.npmjs.org/send set size:59867 disposed:false
39 silly packumentCache corgi:https://registry.npmjs.org/express-session cache-miss
40 http fetch GET 200 https://registry.npmjs.org/express-session 4ms (cache hit)
41 silly packumentCache corgi:https://registry.npmjs.org/express-session set size:61835 disposed:false
42 silly packumentCache corgi:https://registry.npmjs.org/eslint cache-miss
43 http fetch GET 200 https://registry.npmjs.org/eslint 4ms (cache hit)
44 silly packumentCache corgi:https://registry.npmjs.org/eslint set size:1012297 disposed:false
45 verbose cwd /home/container
46 verbose os Linux 5.15.0-125-generic
47 verbose node v18.20.5
48 verbose npm  v10.9.0
49 verbose exit 0
50 info ok
